C:\USERS\HKJ\DOCUMENTS\VISUAL STUDIO 2010\PROJECTS\IPBOARD\DEBUG\IPBOARD.EXE
C:\USERS\HKJ\DOCUMENTS\VISUAL STUDIO 2010\PROJECTS\IPBOARD\DEBUG\IPBOARD.ILK
C:\USERS\HKJ\DOCUMENTS\VISUAL STUDIO 2010\PROJECTS\IPBOARD\DEBUG\IPBOARD.PDB
C:\USERS\HKJ\DOCUMENTS\VISUAL STUDIO 2010\PROJECTS\IPBOARD\IPBOARD\DEBUG\CHESSNODE.OBJ
C:\Users\HKJ\Documents\Visual Studio 2010\Projects\IPBoard\IPBoard\Debug\cl.command.1.tlog
C:\Users\HKJ\Documents\Visual Studio 2010\Projects\IPBoard\IPBoard\Debug\CL.read.1.tlog
C:\Users\HKJ\Documents\Visual Studio 2010\Projects\IPBoard\IPBoard\Debug\CL.write.1.tlog
C:\USERS\HKJ\DOCUMENTS\VISUAL STUDIO 2010\PROJECTS\IPBOARD\IPBOARD\DEBUG\CONTROLPANEL.OBJ
C:\USERS\HKJ\DOCUMENTS\VISUAL STUDIO 2010\PROJECTS\IPBOARD\IPBOARD\DEBUG\GAMEINFO.OBJ
C:\USERS\HKJ\DOCUMENTS\VISUAL STUDIO 2010\PROJECTS\IPBOARD\IPBOARD\DEBUG\IPBOARD.EXE.EMBED.MANIFEST
C:\USERS\HKJ\DOCUMENTS\VISUAL STUDIO 2010\PROJECTS\IPBOARD\IPBOARD\DEBUG\IPBOARD.EXE.EMBED.MANIFEST.RES
C:\USERS\HKJ\DOCUMENTS\VISUAL STUDIO 2010\PROJECTS\IPBOARD\IPBOARD\DEBUG\IPBOARD.EXE.INTERMEDIATE.MANIFEST
C:\USERS\HKJ\DOCUMENTS\VISUAL STUDIO 2010\PROJECTS\IPBOARD\IPBOARD\DEBUG\IPBOARD.OBJ
C:\USERS\HKJ\DOCUMENTS\VISUAL STUDIO 2010\PROJECTS\IPBOARD\IPBOARD\DEBUG\IPBOARD.PCH
C:\USERS\HKJ\DOCUMENTS\VISUAL STUDIO 2010\PROJECTS\IPBOARD\IPBOARD\DEBUG\IPBOARD.RES
C:\Users\HKJ\Documents\Visual Studio 2010\Projects\IPBoard\IPBoard\Debug\IPBoard.write.1.tlog
C:\Users\HKJ\Documents\Visual Studio 2010\Projects\IPBoard\IPBoard\Debug\IPBoard_manifest.rc
C:\USERS\HKJ\DOCUMENTS\VISUAL STUDIO 2010\PROJECTS\IPBOARD\IPBOARD\DEBUG\IPBOARDDOC.OBJ
C:\USERS\HKJ\DOCUMENTS\VISUAL STUDIO 2010\PROJECTS\IPBOARD\IPBOARD\DEBUG\IPBOARDVIEW.OBJ
C:\Users\HKJ\Documents\Visual Studio 2010\Projects\IPBoard\IPBoard\Debug\link.command.1.tlog
C:\Users\HKJ\Documents\Visual Studio 2010\Projects\IPBoard\IPBoard\Debug\link.read.1.tlog
C:\Users\HKJ\Documents\Visual Studio 2010\Projects\IPBoard\IPBoard\Debug\link.write.1.tlog
C:\Users\HKJ\Documents\Visual Studio 2010\Projects\IPBoard\IPBoard\Debug\link-cvtres.read.1.tlog
C:\Users\HKJ\Documents\Visual Studio 2010\Projects\IPBoard\IPBoard\Debug\link-cvtres.write.1.tlog
C:\USERS\HKJ\DOCUMENTS\VISUAL STUDIO 2010\PROJECTS\IPBOARD\IPBOARD\DEBUG\MAINFRM.OBJ
C:\Users\HKJ\Documents\Visual Studio 2010\Projects\IPBoard\IPBoard\Debug\mt.command.1.tlog
C:\Users\HKJ\Documents\Visual Studio 2010\Projects\IPBoard\IPBoard\Debug\mt.read.1.tlog
C:\Users\HKJ\Documents\Visual Studio 2010\Projects\IPBoard\IPBoard\Debug\mt.write.1.tlog
C:\Users\HKJ\Documents\Visual Studio 2010\Projects\IPBoard\IPBoard\Debug\rc.command.1.tlog
C:\Users\HKJ\Documents\Visual Studio 2010\Projects\IPBoard\IPBoard\Debug\rc.read.1.tlog
C:\Users\HKJ\Documents\Visual Studio 2010\Projects\IPBoard\IPBoard\Debug\rc.write.1.tlog
C:\USERS\HKJ\DOCUMENTS\VISUAL STUDIO 2010\PROJECTS\IPBOARD\IPBOARD\DEBUG\SPLITTERWNDEXT.OBJ
C:\USERS\HKJ\DOCUMENTS\VISUAL STUDIO 2010\PROJECTS\IPBOARD\IPBOARD\DEBUG\STDAFX.OBJ
C:\Users\HKJ\Documents\Visual Studio 2010\Projects\IPBoard\IPBoard\Debug\vc100.idb
C:\USERS\HKJ\DOCUMENTS\VISUAL STUDIO 2010\PROJECTS\IPBOARD\IPBOARD\DEBUG\VC100.PDB
